{"total": {"lines":{"total":1553,"covered":35,"skipped":0,"pct":2.25},"statements":{"total":1600,"covered":35,"skipped":0,"pct":2.18},"functions":{"total":303,"covered":3,"skipped":0,"pct":0.99},"branches":{"total":793,"covered":10,"skipped":0,"pct":1.26},"branchesTrue":{"total":0,"covered":0,"skipped":0,"pct":100}}
,"/home/user/SmartHomeHUB2025/backend/src/__tests__/helpers/testDb.js": {"lines":{"total":20,"covered":9,"skipped":0,"pct":45},"functions":{"total":7,"covered":3,"skipped":0,"pct":42.85},"statements":{"total":21,"covered":9,"skipped":0,"pct":42.85},"branches":{"total":6,"covered":0,"skipped":0,"pct":0}}
,"/home/user/SmartHomeHUB2025/backend/src/ai/aiService.js": {"lines":{"total":72,"covered":0,"skipped":0,"pct":0},"functions":{"total":24,"covered":0,"skipped":0,"pct":0},"statements":{"total":75,"covered":0,"skipped":0,"pct":0},"branches":{"total":76,"covered":0,"skipped":0,"pct":0}}
,"/home/user/SmartHomeHUB2025/backend/src/api/metricsRoutes.js": {"lines":{"total":7,"covered":0,"skipped":0,"pct":0},"functions":{"total":1,"covered":0,"skipped":0,"pct":0},"statements":{"total":7,"covered":0,"skipped":0,"pct":0},"branches":{"total":0,"covered":0,"skipped":0,"pct":100}}
,"/home/user/SmartHomeHUB2025/backend/src/api/routes.js": {"lines":{"total":180,"covered":0,"skipped":0,"pct":0},"functions":{"total":33,"covered":0,"skipped":0,"pct":0},"statements":{"total":185,"covered":0,"skipped":0,"pct":0},"branches":{"total":44,"covered":0,"skipped":0,"pct":0}}
,"/home/user/SmartHomeHUB2025/backend/src/auth/auth.js": {"lines":{"total":82,"covered":3,"skipped":0,"pct":3.65},"functions":{"total":15,"covered":0,"skipped":0,"pct":0},"statements":{"total":83,"covered":3,"skipped":0,"pct":3.61},"branches":{"total":32,"covered":0,"skipped":0,"pct":0}}
,"/home/user/SmartHomeHUB2025/backend/src/automation/automationEngine.js": {"lines":{"total":187,"covered":0,"skipped":0,"pct":0},"functions":{"total":27,"covered":0,"skipped":0,"pct":0},"statements":{"total":195,"covered":0,"skipped":0,"pct":0},"branches":{"total":102,"covered":0,"skipped":0,"pct":0}}
,"/home/user/SmartHomeHUB2025/backend/src/core/deviceManager.js": {"lines":{"total":114,"covered":0,"skipped":0,"pct":0},"functions":{"total":25,"covered":0,"skipped":0,"pct":0},"statements":{"total":121,"covered":0,"skipped":0,"pct":0},"branches":{"total":60,"covered":0,"skipped":0,"pct":0}}
,"/home/user/SmartHomeHUB2025/backend/src/database/db.js": {"lines":{"total":39,"covered":3,"skipped":0,"pct":7.69},"functions":{"total":5,"covered":0,"skipped":0,"pct":0},"statements":{"total":39,"covered":3,"skipped":0,"pct":7.69},"branches":{"total":9,"covered":0,"skipped":0,"pct":0}}
,"/home/user/SmartHomeHUB2025/backend/src/database/migrationRunner.js": {"lines":{"total":70,"covered":0,"skipped":0,"pct":0},"functions":{"total":16,"covered":0,"skipped":0,"pct":0},"statements":{"total":72,"covered":0,"skipped":0,"pct":0},"branches":{"total":8,"covered":0,"skipped":0,"pct":0}}
,"/home/user/SmartHomeHUB2025/backend/src/database/schema.js": {"lines":{"total":2,"covered":2,"skipped":0,"pct":100},"functions":{"total":0,"covered":0,"skipped":0,"pct":100},"statements":{"total":2,"covered":2,"skipped":0,"pct":100},"branches":{"total":0,"covered":0,"skipped":0,"pct":100}}
,"/home/user/SmartHomeHUB2025/backend/src/middleware/bruteForceProtection.js": {"lines":{"total":71,"covered":3,"skipped":0,"pct":4.22},"functions":{"total":7,"covered":0,"skipped":0,"pct":0},"statements":{"total":71,"covered":3,"skipped":0,"pct":4.22},"branches":{"total":43,"covered":6,"skipped":0,"pct":13.95}}
,"/home/user/SmartHomeHUB2025/backend/src/middleware/csrf.js": {"lines":{"total":10,"covered":0,"skipped":0,"pct":0},"functions":{"total":4,"covered":0,"skipped":0,"pct":0},"statements":{"total":10,"covered":0,"skipped":0,"pct":0},"branches":{"total":7,"covered":0,"skipped":0,"pct":0}}
,"/home/user/SmartHomeHUB2025/backend/src/middleware/errorHandler.js": {"lines":{"total":51,"covered":0,"skipped":0,"pct":0},"functions":{"total":18,"covered":0,"skipped":0,"pct":0},"statements":{"total":52,"covered":0,"skipped":0,"pct":0},"branches":{"total":34,"covered":0,"skipped":0,"pct":0}}
,"/home/user/SmartHomeHUB2025/backend/src/middleware/rateLimiting.js": {"lines":{"total":18,"covered":0,"skipped":0,"pct":0},"functions":{"total":5,"covered":0,"skipped":0,"pct":0},"statements":{"total":18,"covered":0,"skipped":0,"pct":0},"branches":{"total":20,"covered":0,"skipped":0,"pct":0}}
,"/home/user/SmartHomeHUB2025/backend/src/middleware/requestLogger.js": {"lines":{"total":8,"covered":0,"skipped":0,"pct":0},"functions":{"total":2,"covered":0,"skipped":0,"pct":0},"statements":{"total":8,"covered":0,"skipped":0,"pct":0},"branches":{"total":0,"covered":0,"skipped":0,"pct":100}}
,"/home/user/SmartHomeHUB2025/backend/src/middleware/security.js": {"lines":{"total":28,"covered":0,"skipped":0,"pct":0},"functions":{"total":9,"covered":0,"skipped":0,"pct":0},"statements":{"total":28,"covered":0,"skipped":0,"pct":0},"branches":{"total":12,"covered":0,"skipped":0,"pct":0}}
,"/home/user/SmartHomeHUB2025/backend/src/middleware/validate.js": {"lines":{"total":25,"covered":0,"skipped":0,"pct":0},"functions":{"total":6,"covered":0,"skipped":0,"pct":0},"statements":{"total":26,"covered":0,"skipped":0,"pct":0},"branches":{"total":11,"covered":0,"skipped":0,"pct":0}}
,"/home/user/SmartHomeHUB2025/backend/src/protocols/matter.js": {"lines":{"total":91,"covered":0,"skipped":0,"pct":0},"functions":{"total":15,"covered":0,"skipped":0,"pct":0},"statements":{"total":92,"covered":0,"skipped":0,"pct":0},"branches":{"total":47,"covered":0,"skipped":0,"pct":0}}
,"/home/user/SmartHomeHUB2025/backend/src/protocols/zigbee.js": {"lines":{"total":164,"covered":0,"skipped":0,"pct":0},"functions":{"total":18,"covered":0,"skipped":0,"pct":0},"statements":{"total":177,"covered":0,"skipped":0,"pct":0},"branches":{"total":116,"covered":0,"skipped":0,"pct":0}}
,"/home/user/SmartHomeHUB2025/backend/src/utils/config.js": {"lines":{"total":20,"covered":0,"skipped":0,"pct":0},"functions":{"total":2,"covered":0,"skipped":0,"pct":0},"statements":{"total":20,"covered":0,"skipped":0,"pct":0},"branches":{"total":68,"covered":0,"skipped":0,"pct":0}}
,"/home/user/SmartHomeHUB2025/backend/src/utils/logger.js": {"lines":{"total":27,"covered":15,"skipped":0,"pct":55.55},"functions":{"total":9,"covered":0,"skipped":0,"pct":0},"statements":{"total":27,"covered":15,"skipped":0,"pct":55.55},"branches":{"total":15,"covered":4,"skipped":0,"pct":26.66}}
,"/home/user/SmartHomeHUB2025/backend/src/utils/metrics.js": {"lines":{"total":21,"covered":0,"skipped":0,"pct":0},"functions":{"total":2,"covered":0,"skipped":0,"pct":0},"statements":{"total":21,"covered":0,"skipped":0,"pct":0},"branches":{"total":2,"covered":0,"skipped":0,"pct":0}}
,"/home/user/SmartHomeHUB2025/backend/src/validation/schemas.js": {"lines":{"total":26,"covered":0,"skipped":0,"pct":0},"functions":{"total":0,"covered":0,"skipped":0,"pct":100},"statements":{"total":26,"covered":0,"skipped":0,"pct":0},"branches":{"total":0,"covered":0,"skipped":0,"pct":100}}
,"/home/user/SmartHomeHUB2025/backend/src/voice/voiceControl.js": {"lines":{"total":146,"covered":0,"skipped":0,"pct":0},"functions":{"total":23,"covered":0,"skipped":0,"pct":0},"statements":{"total":150,"covered":0,"skipped":0,"pct":0},"branches":{"total":73,"covered":0,"skipped":0,"pct":0}}
,"/home/user/SmartHomeHUB2025/backend/src/websocket/websocketServer.js": {"lines":{"total":74,"covered":0,"skipped":0,"pct":0},"functions":{"total":30,"covered":0,"skipped":0,"pct":0},"statements":{"total":74,"covered":0,"skipped":0,"pct":0},"branches":{"total":8,"covered":0,"skipped":0,"pct":0}}
}
