TN:
SF:src/__tests__/helpers/testDb.js
FN:14,initTestDatabase
FN:21,(anonymous_1)
FN:26,(anonymous_2)
FN:36,getTestDatabase
FN:46,closeTestDatabase
FN:56,cleanTestDatabase
FN:77,(anonymous_6)
FNF:7
FNH:3
FNDA:1,initTestDatabase
FNDA:15,(anonymous_1)
FNDA:19,(anonymous_2)
FNDA:0,getTestDatabase
FNDA:0,closeTestDatabase
FNDA:0,cleanTestDatabase
FNDA:0,(anonymous_6)
DA:9,1
DA:16,1
DA:17,1
DA:18,1
DA:21,1
DA:22,15
DA:26,1
DA:27,19
DA:30,1
DA:37,0
DA:38,0
DA:40,0
DA:47,0
DA:48,0
DA:49,0
DA:57,0
DA:59,0
DA:77,0
DA:78,0
DA:79,0
LF:20
LH:9
BRDA:37,0,0,0
BRDA:37,0,1,0
BRDA:47,1,0,0
BRDA:47,1,1,0
BRDA:57,2,0,0
BRDA:57,2,1,0
BRF:6
BRH:0
end_of_record
TN:
SF:src/ai/aiService.js
FN:11,(anonymous_0)
FN:25,(anonymous_1)
FN:54,(anonymous_2)
FN:93,(anonymous_3)
FN:116,(anonymous_4)
FN:154,(anonymous_5)
FN:179,(anonymous_6)
FN:204,(anonymous_7)
FN:209,(anonymous_8)
FN:213,(anonymous_9)
FN:236,(anonymous_10)
FN:241,(anonymous_11)
FN:245,(anonymous_12)
FN:274,(anonymous_13)
FN:279,(anonymous_14)
FN:283,(anonymous_15)
FN:285,(anonymous_16)
FN:286,(anonymous_17)
FN:318,(anonymous_18)
FN:323,(anonymous_19)
FN:327,(anonymous_20)
FN:330,(anonymous_21)
FN:331,(anonymous_22)
FN:336,(anonymous_23)
FNF:24
FNH:0
FNDA:0,(anonymous_0)
FNDA:0,(anonymous_1)
FNDA:0,(anonymous_2)
FNDA:0,(anonymous_3)
FNDA:0,(anonymous_4)
FNDA:0,(anonymous_5)
FNDA:0,(anonymous_6)
FNDA:0,(anonymous_7)
FNDA:0,(anonymous_8)
FNDA:0,(anonymous_9)
FNDA:0,(anonymous_10)
FNDA:0,(anonymous_11)
FNDA:0,(anonymous_12)
FNDA:0,(anonymous_13)
FNDA:0,(anonymous_14)
FNDA:0,(anonymous_15)
FNDA:0,(anonymous_16)
FNDA:0,(anonymous_17)
FNDA:0,(anonymous_18)
FNDA:0,(anonymous_19)
FNDA:0,(anonymous_20)
FNDA:0,(anonymous_21)
FNDA:0,(anonymous_22)
FNDA:0,(anonymous_23)
DA:12,0
DA:19,0
DA:26,0
DA:27,0
DA:29,0
DA:30,0
DA:33,0
DA:34,0
DA:37,0
DA:38,0
DA:39,0
DA:46,0
DA:47,0
DA:55,0
DA:70,0
DA:75,0
DA:77,0
DA:79,0
DA:80,0
DA:81,0
DA:83,0
DA:85,0
DA:86,0
DA:94,0
DA:104,0
DA:109,0
DA:110,0
DA:117,0
DA:128,0
DA:133,0
DA:135,0
DA:136,0
DA:137,0
DA:138,0
DA:140,0
DA:142,0
DA:143,0
DA:155,0
DA:156,0
DA:157,0
DA:159,0
DA:173,0
DA:180,0
DA:181,0
DA:183,0
DA:196,0
DA:205,0
DA:206,0
DA:210,0
DA:214,0
DA:224,0
DA:237,0
DA:238,0
DA:242,0
DA:246,0
DA:262,0
DA:275,0
DA:276,0
DA:280,0
DA:285,0
DA:286,0
DA:288,0
DA:306,0
DA:319,0
DA:320,0
DA:324,0
DA:329,0
DA:330,0
DA:331,0
DA:336,0
DA:338,0
DA:355,0
LF:72
LH:0
BRDA:19,0,0,0
BRDA:19,0,1,0
BRDA:25,1,0,0
BRDA:26,2,0,0
BRDA:26,2,1,0
BRDA:29,3,0,0
BRDA:29,3,1,0
BRDA:33,4,0,0
BRDA:33,4,1,0
BRDA:42,5,0,0
BRDA:42,5,1,0
BRDA:43,6,0,0
BRDA:43,6,1,0
BRDA:54,7,0,0
BRDA:58,8,0,0
BRDA:58,8,1,0
BRDA:59,9,0,0
BRDA:59,9,1,0
BRDA:80,10,0,0
BRDA:80,10,1,0
BRDA:93,11,0,0
BRDA:116,12,0,0
BRDA:119,13,0,0
BRDA:119,13,1,0
BRDA:137,14,0,0
BRDA:137,14,1,0
BRDA:154,15,0,0
BRDA:154,16,0,0
BRDA:205,17,0,0
BRDA:205,17,1,0
BRDA:206,18,0,0
BRDA:206,18,1,0
BRDA:213,19,0,0
BRDA:215,20,0,0
BRDA:215,20,1,0
BRDA:219,21,0,0
BRDA:219,21,1,0
BRDA:220,22,0,0
BRDA:220,22,1,0
BRDA:242,23,0,0
BRDA:242,23,1,0
BRDA:245,24,0,0
BRDA:249,25,0,0
BRDA:249,25,1,0
BRDA:251,26,0,0
BRDA:251,26,1,0
BRDA:252,27,0,0
BRDA:252,27,1,0
BRDA:276,28,0,0
BRDA:276,28,1,0
BRDA:280,29,0,0
BRDA:280,29,1,0
BRDA:283,30,0,0
BRDA:291,31,0,0
BRDA:291,31,1,0
BRDA:292,32,0,0
BRDA:292,32,1,0
BRDA:293,33,0,0
BRDA:293,33,1,0
BRDA:295,34,0,0
BRDA:295,34,1,0
BRDA:324,35,0,0
BRDA:324,35,1,0
BRDA:327,36,0,0
BRDA:332,37,0,0
BRDA:332,37,1,0
BRDA:336,38,0,0
BRDA:336,38,1,0
BRDA:342,39,0,0
BRDA:342,39,1,0
BRDA:344,40,0,0
BRDA:344,40,1,0
BRDA:345,41,0,0
BRDA:345,41,1,0
BRDA:358,42,0,0
BRDA:358,42,1,0
BRF:76
BRH:0
end_of_record
TN:
SF:src/api/metricsRoutes.js
FN:9,(anonymous_0)
FNF:1
FNH:0
FNDA:0,(anonymous_0)
DA:4,0
DA:9,0
DA:10,0
DA:11,0
DA:12,0
DA:13,0
DA:15,0
LF:7
LH:0
BRF:0
BRH:0
end_of_record
TN:
SF:src/api/routes.js
FN:11,setupRoutes
FN:15,(anonymous_1)
FN:29,(anonymous_2)
FN:40,(anonymous_3)
FN:56,(anonymous_4)
FN:64,(anonymous_5)
FN:70,(anonymous_6)
FN:84,(anonymous_7)
FN:96,(anonymous_8)
FN:109,(anonymous_9)
FN:118,(anonymous_10)
FN:129,(anonymous_11)
FN:139,(anonymous_12)
FN:149,(anonymous_13)
FN:156,(anonymous_14)
FN:164,(anonymous_15)
FN:175,(anonymous_16)
FN:185,(anonymous_17)
FN:196,(anonymous_18)
FN:209,(anonymous_19)
FN:217,(anonymous_20)
FN:226,(anonymous_21)
FN:239,(anonymous_22)
FN:250,(anonymous_23)
FN:270,(anonymous_24)
FN:289,(anonymous_25)
FN:303,(anonymous_26)
FN:312,(anonymous_27)
FN:323,(anonymous_28)
FN:336,(anonymous_29)
FN:347,(anonymous_30)
FN:354,(anonymous_31)
FN:360,(anonymous_32)
FNF:33
FNH:0
FNDA:0,setupRoutes
FNDA:0,(anonymous_1)
FNDA:0,(anonymous_2)
FNDA:0,(anonymous_3)
FNDA:0,(anonymous_4)
FNDA:0,(anonymous_5)
FNDA:0,(anonymous_6)
FNDA:0,(anonymous_7)
FNDA:0,(anonymous_8)
FNDA:0,(anonymous_9)
FNDA:0,(anonymous_10)
FNDA:0,(anonymous_11)
FNDA:0,(anonymous_12)
FNDA:0,(anonymous_13)
FNDA:0,(anonymous_14)
FNDA:0,(anonymous_15)
FNDA:0,(anonymous_16)
FNDA:0,(anonymous_17)
FNDA:0,(anonymous_18)
FNDA:0,(anonymous_19)
FNDA:0,(anonymous_20)
FNDA:0,(anonymous_21)
FNDA:0,(anonymous_22)
FNDA:0,(anonymous_23)
FNDA:0,(anonymous_24)
FNDA:0,(anonymous_25)
FNDA:0,(anonymous_26)
FNDA:0,(anonymous_27)
FNDA:0,(anonymous_28)
FNDA:0,(anonymous_29)
FNDA:0,(anonymous_30)
FNDA:0,(anonymous_31)
FNDA:0,(anonymous_32)
DA:12,0
DA:15,0
DA:16,0
DA:24,0
DA:29,0
DA:30,0
DA:31,0
DA:32,0
DA:33,0
DA:35,0
DA:40,0
DA:41,0
DA:42,0
DA:43,0
DA:49,0
DA:51,0
DA:56,0
DA:57,0
DA:58,0
DA:64,0
DA:65,0
DA:66,0
DA:70,0
DA:71,0
DA:73,0
DA:74,0
DA:76,0
DA:77,0
DA:79,0
DA:84,0
DA:85,0
DA:86,0
DA:87,0
DA:89,0
DA:96,0
DA:97,0
DA:98,0
DA:99,0
DA:100,0
DA:101,0
DA:102,0
DA:104,0
DA:105,0
DA:109,0
DA:110,0
DA:111,0
DA:112,0
DA:114,0
DA:118,0
DA:119,0
DA:120,0
DA:121,0
DA:122,0
DA:124,0
DA:129,0
DA:130,0
DA:131,0
DA:132,0
DA:134,0
DA:139,0
DA:140,0
DA:141,0
DA:142,0
DA:144,0
DA:149,0
DA:150,0
DA:151,0
DA:152,0
DA:156,0
DA:157,0
DA:158,0
DA:164,0
DA:165,0
DA:166,0
DA:167,0
DA:168,0
DA:170,0
DA:175,0
DA:176,0
DA:177,0
DA:178,0
DA:180,0
DA:185,0
DA:186,0
DA:187,0
DA:188,0
DA:189,0
DA:191,0
DA:196,0
DA:197,0
DA:198,0
DA:199,0
DA:200,0
DA:202,0
DA:209,0
DA:210,0
DA:211,0
DA:212,0
DA:213,0
DA:217,0
DA:218,0
DA:219,0
DA:220,0
DA:222,0
DA:226,0
DA:227,0
DA:228,0
DA:232,0
DA:234,0
DA:239,0
DA:240,0
DA:241,0
DA:242,0
DA:243,0
DA:245,0
DA:250,0
DA:251,0
DA:252,0
DA:253,0
DA:254,0
DA:258,0
DA:259,0
DA:262,0
DA:263,0
DA:265,0
DA:270,0
DA:271,0
DA:272,0
DA:273,0
DA:274,0
DA:277,0
DA:278,0
DA:281,0
DA:282,0
DA:284,0
DA:289,0
DA:290,0
DA:291,0
DA:296,0
DA:298,0
DA:303,0
DA:304,0
DA:305,0
DA:306,0
DA:312,0
DA:313,0
DA:314,0
DA:315,0
DA:316,0
DA:318,0
DA:323,0
DA:324,0
DA:325,0
DA:326,0
DA:327,0
DA:329,0
DA:336,0
DA:337,0
DA:338,0
DA:339,0
DA:340,0
DA:342,0
DA:347,0
DA:348,0
DA:349,0
DA:350,0
DA:354,0
DA:355,0
DA:356,0
DA:360,0
DA:361,0
DA:362,0
DA:363,0
DA:364,0
DA:365,0
DA:366,0
DA:368,0
DA:370,0
DA:372,0
DA:376,0
LF:180
LH:0
BRDA:73,0,0,0
BRDA:73,0,1,0
BRDA:73,1,0,0
BRDA:73,1,1,0
BRDA:99,2,0,0
BRDA:99,2,1,0
BRDA:100,3,0,0
BRDA:100,3,1,0
BRDA:101,4,0,0
BRDA:101,4,1,0
BRDA:102,5,0,0
BRDA:102,5,1,0
BRDA:111,6,0,0
BRDA:111,6,1,0
BRDA:150,7,0,0
BRDA:150,7,1,0
BRDA:166,8,0,0
BRDA:166,8,1,0
BRDA:187,9,0,0
BRDA:187,9,1,0
BRDA:211,10,0,0
BRDA:211,10,1,0
BRDA:219,11,0,0
BRDA:219,11,1,0
BRDA:253,12,0,0
BRDA:253,12,1,0
BRDA:258,13,0,0
BRDA:258,13,1,0
BRDA:258,14,0,0
BRDA:258,14,1,0
BRDA:273,15,0,0
BRDA:273,15,1,0
BRDA:277,16,0,0
BRDA:277,16,1,0
BRDA:277,17,0,0
BRDA:277,17,1,0
BRDA:304,18,0,0
BRDA:304,18,1,0
BRDA:348,19,0,0
BRDA:348,19,1,0
BRDA:363,20,0,0
BRDA:363,20,1,0
BRDA:365,21,0,0
BRDA:365,21,1,0
BRF:44
BRH:0
end_of_record
TN:
SF:src/auth/auth.js
FN:50,hashPassword
FN:57,verifyPassword
FN:64,generateToken
FN:80,verifyToken
FN:91,createUser
FN:125,authenticateUser
FN:206,getUserById
FN:220,updateUser
FN:253,deleteUser
FN:261,listUsers
FN:273,hasPermission
FN:276,(anonymous_11)
FN:289,requirePermission
FN:290,(anonymous_13)
FN:306,authenticate
FNF:15
FNH:0
FNDA:0,hashPassword
FNDA:0,verifyPassword
FNDA:0,generateToken
FNDA:0,verifyToken
FNDA:0,createUser
FNDA:0,authenticateUser
FNDA:0,getUserById
FNDA:0,updateUser
FNDA:0,deleteUser
FNDA:0,listUsers
FNDA:0,hasPermission
FNDA:0,(anonymous_11)
FNDA:0,requirePermission
FNDA:0,(anonymous_13)
FNDA:0,authenticate
DA:11,1
DA:14,1
DA:20,1
DA:51,0
DA:58,0
DA:65,0
DA:72,0
DA:81,0
DA:82,0
DA:84,0
DA:92,0
DA:95,0
DA:96,0
DA:97,0
DA:101,0
DA:104,0
DA:105,0
DA:107,0
DA:112,0
DA:126,0
DA:129,0
DA:135,0
DA:137,0
DA:140,0
DA:149,0
DA:153,0
DA:154,0
DA:156,0
DA:159,0
DA:169,0
DA:173,0
DA:176,0
DA:179,0
DA:189,0
DA:191,0
DA:207,0
DA:208,0
DA:214,0
DA:221,0
DA:222,0
DA:223,0
DA:224,0
DA:226,0
DA:227,0
DA:228,0
DA:229,0
DA:233,0
DA:234,0
DA:235,0
DA:238,0
DA:239,0
DA:242,0
DA:243,0
DA:244,0
DA:246,0
DA:247,0
DA:254,0
DA:255,0
DA:262,0
DA:263,0
DA:274,0
DA:276,0
DA:277,0
DA:278,0
DA:279,0
DA:280,0
DA:282,0
DA:290,0
DA:291,0
DA:292,0
DA:295,0
DA:296,0
DA:299,0
DA:307,0
DA:308,0
DA:309,0
DA:310,0
DA:313,0
DA:314,0
DA:317,0
DA:318,0
DA:320,0
LF:82
LH:3
BRDA:73,0,0,0
BRDA:73,0,1,0
BRDA:91,1,0,0
BRDA:91,2,0,0
BRDA:96,3,0,0
BRDA:96,3,1,0
BRDA:125,4,0,0
BRDA:125,5,0,0
BRDA:135,6,0,0
BRDA:135,6,1,0
BRDA:154,7,0,0
BRDA:154,7,1,0
BRDA:227,8,0,0
BRDA:227,8,1,0
BRDA:233,9,0,0
BRDA:233,9,1,0
BRDA:238,10,0,0
BRDA:238,10,1,0
BRDA:274,11,0,0
BRDA:274,11,1,0
BRDA:277,12,0,0
BRDA:277,12,1,0
BRDA:278,13,0,0
BRDA:278,13,1,0
BRDA:291,14,0,0
BRDA:291,14,1,0
BRDA:295,15,0,0
BRDA:295,15,1,0
BRDA:309,16,0,0
BRDA:309,16,1,0
BRDA:309,17,0,0
BRDA:309,17,1,0
BRF:32
BRH:0
end_of_record
TN:
SF:src/automation/automationEngine.js
FN:12,(anonymous_0)
FN:30,(anonymous_1)
FN:57,(anonymous_2)
FN:127,(anonymous_3)
FN:134,(anonymous_4)
FN:141,(anonymous_5)
FN:177,(anonymous_6)
FN:198,(anonymous_7)
FN:214,(anonymous_8)
FN:237,(anonymous_9)
FN:264,(anonymous_10)
FN:314,(anonymous_11)
FN:328,(anonymous_12)
FN:348,(anonymous_13)
FN:372,(anonymous_14)
FN:388,(anonymous_15)
FN:397,(anonymous_16)
FN:416,(anonymous_17)
FN:426,(anonymous_18)
FN:441,(anonymous_19)
FN:459,(anonymous_20)
FN:508,(anonymous_21)
FN:534,(anonymous_22)
FN:538,(anonymous_23)
FN:542,(anonymous_24)
FN:551,(anonymous_25)
FN:560,(anonymous_26)
FNF:27
FNH:0
FNDA:0,(anonymous_0)
FNDA:0,(anonymous_1)
FNDA:0,(anonymous_2)
FNDA:0,(anonymous_3)
FNDA:0,(anonymous_4)
FNDA:0,(anonymous_5)
FNDA:0,(anonymous_6)
FNDA:0,(anonymous_7)
FNDA:0,(anonymous_8)
FNDA:0,(anonymous_9)
FNDA:0,(anonymous_10)
FNDA:0,(anonymous_11)
FNDA:0,(anonymous_12)
FNDA:0,(anonymous_13)
FNDA:0,(anonymous_14)
FNDA:0,(anonymous_15)
FNDA:0,(anonymous_16)
FNDA:0,(anonymous_17)
FNDA:0,(anonymous_18)
FNDA:0,(anonymous_19)
FNDA:0,(anonymous_20)
FNDA:0,(anonymous_21)
FNDA:0,(anonymous_22)
FNDA:0,(anonymous_23)
FNDA:0,(anonymous_24)
FNDA:0,(anonymous_25)
FNDA:0,(anonymous_26)
DA:13,0
DA:14,0
DA:15,0
DA:16,0
DA:17,0
DA:18,0
DA:21,0
DA:24,0
DA:31,0
DA:32,0
DA:34,0
DA:35,0
DA:43,0
DA:46,0
DA:47,0
DA:51,0
DA:68,0
DA:69,0
DA:70,0
DA:72,0
DA:90,0
DA:104,0
DA:111,0
DA:114,0
DA:115,0
DA:118,0
DA:119,0
DA:121,0
DA:128,0
DA:130,0
DA:131,0
DA:133,0
DA:134,0
DA:141,0
DA:148,0
DA:151,0
DA:166,0
DA:167,0
DA:169,0
DA:170,0
DA:178,0
DA:180,0
DA:184,0
DA:185,0
DA:186,0
DA:188,0
DA:189,0
DA:190,0
DA:192,0
DA:196,0
DA:198,0
DA:204,0
DA:205,0
DA:207,0
DA:215,0
DA:218,0
DA:219,0
DA:221,0
DA:222,0
DA:238,0
DA:240,0
DA:241,0
DA:243,0
DA:245,0
DA:247,0
DA:249,0
DA:251,0
DA:253,0
DA:255,0
DA:257,0
DA:265,0
DA:266,0
DA:269,0
DA:270,0
DA:271,0
DA:274,0
DA:276,0
DA:277,0
DA:280,0
DA:281,0
DA:282,0
DA:283,0
DA:287,0
DA:290,0
DA:291,0
DA:298,0
DA:300,0
DA:301,0
DA:303,0
DA:304,0
DA:305,0
DA:307,0
DA:315,0
DA:317,0
DA:318,0
DA:319,0
DA:322,0
DA:329,0
DA:331,0
DA:334,0
DA:337,0
DA:340,0
DA:341,0
DA:349,0
DA:350,0
DA:352,0
DA:353,0
DA:355,0
DA:357,0
DA:359,0
DA:361,0
DA:363,0
DA:365,0
DA:373,0
DA:374,0
DA:376,0
DA:377,0
DA:379,0
DA:380,0
DA:382,0
DA:389,0
DA:390,0
DA:391,0
DA:398,0
DA:400,0
DA:401,0
DA:402,0
DA:403,0
DA:405,0
DA:406,0
DA:410,0
DA:417,0
DA:419,0
DA:426,0
DA:427,0
DA:430,0
DA:431,0
DA:434,0
DA:442,0
DA:443,0
DA:460,0
DA:461,0
DA:462,0
DA:465,0
DA:466,0
DA:467,0
DA:469,0
DA:470,0
DA:471,0
DA:472,0
DA:473,0
DA:477,0
DA:478,0
DA:479,0
DA:482,0
DA:483,0
DA:484,0
DA:487,0
DA:488,0
DA:489,0
DA:492,0
DA:493,0
DA:494,0
DA:496,0
DA:499,0
DA:501,0
DA:502,0
DA:509,0
DA:510,0
DA:511,0
DA:515,0
DA:516,0
DA:517,0
DA:521,0
DA:522,0
DA:525,0
DA:527,0
DA:528,0
DA:535,0
DA:537,0
DA:538,0
DA:541,0
DA:542,0
DA:545,0
DA:552,0
DA:553,0
DA:560,0
LF:187
LH:0
BRDA:38,0,0,0
BRDA:38,0,1,0
BRDA:40,1,0,0
BRDA:40,1,1,0
BRDA:46,2,0,0
BRDA:46,2,1,0
BRDA:59,3,0,0
BRDA:62,4,0,0
BRDA:65,5,0,0
BRDA:66,6,0,0
BRDA:82,7,0,0
BRDA:82,7,1,0
BRDA:83,8,0,0
BRDA:83,8,1,0
BRDA:114,9,0,0
BRDA:114,9,1,0
BRDA:156,10,0,0
BRDA:156,10,1,0
BRDA:184,11,0,0
BRDA:184,11,1,0
BRDA:186,12,0,0
BRDA:186,12,1,0
BRDA:189,13,0,0
BRDA:189,13,1,0
BRDA:201,14,0,0
BRDA:201,14,1,0
BRDA:219,15,0,0
BRDA:219,15,1,0
BRDA:219,16,0,0
BRDA:219,16,1,0
BRDA:221,17,0,0
BRDA:221,17,1,0
BRDA:243,18,0,0
BRDA:243,18,1,0
BRDA:243,18,2,0
BRDA:243,18,3,0
BRDA:243,18,4,0
BRDA:243,18,5,0
BRDA:243,18,6,0
BRDA:247,19,0,0
BRDA:247,19,1,0
BRDA:249,20,0,0
BRDA:249,20,1,0
BRDA:264,21,0,0
BRDA:266,22,0,0
BRDA:266,22,1,0
BRDA:266,23,0,0
BRDA:266,23,1,0
BRDA:269,24,0,0
BRDA:269,24,1,0
BRDA:280,25,0,0
BRDA:280,25,1,0
BRDA:315,26,0,0
BRDA:315,26,1,0
BRDA:315,27,0,0
BRDA:315,27,1,0
BRDA:319,28,0,0
BRDA:319,28,1,0
BRDA:329,29,0,0
BRDA:329,29,1,0
BRDA:329,29,2,0
BRDA:329,29,3,0
BRDA:350,30,0,0
BRDA:350,30,1,0
BRDA:355,31,0,0
BRDA:355,31,1,0
BRDA:355,31,2,0
BRDA:355,31,3,0
BRDA:355,31,4,0
BRDA:382,32,0,0
BRDA:382,32,1,0
BRDA:417,33,0,0
BRDA:417,33,1,0
BRDA:417,33,2,0
BRDA:417,33,3,0
BRDA:422,34,0,0
BRDA:422,34,1,0
BRDA:441,35,0,0
BRDA:461,36,0,0
BRDA:461,36,1,0
BRDA:471,37,0,0
BRDA:471,37,1,0
BRDA:477,38,0,0
BRDA:477,38,1,0
BRDA:482,39,0,0
BRDA:482,39,1,0
BRDA:487,40,0,0
BRDA:487,40,1,0
BRDA:510,41,0,0
BRDA:510,41,1,0
BRDA:515,42,0,0
BRDA:515,42,1,0
BRDA:534,43,0,0
BRDA:537,44,0,0
BRDA:537,44,1,0
BRDA:541,45,0,0
BRDA:541,45,1,0
BRDA:551,46,0,0
BRDA:562,47,0,0
BRDA:562,47,1,0
BRDA:563,48,0,0
BRDA:563,48,1,0
BRF:102
BRH:0
end_of_record
TN:
SF:src/core/deviceManager.js
FN:11,(anonymous_0)
FN:20,(anonymous_1)
FN:39,(anonymous_2)
FN:104,(anonymous_3)
FN:147,(anonymous_4)
FN:167,(anonymous_5)
FN:174,(anonymous_6)
FN:186,(anonymous_7)
FN:190,(anonymous_8)
FN:194,(anonymous_9)
FN:198,(anonymous_10)
FN:202,(anonymous_11)
FN:211,(anonymous_12)
FN:265,(anonymous_13)
FN:282,(anonymous_14)
FN:297,(anonymous_15)
FN:314,(anonymous_16)
FN:325,(anonymous_17)
FN:334,(anonymous_18)
FN:343,(anonymous_19)
FN:347,(anonymous_20)
FN:348,(anonymous_21)
FN:350,(anonymous_22)
FN:351,(anonymous_23)
FN:353,(anonymous_24)
FNF:25
FNH:0
FNDA:0,(anonymous_0)
FNDA:0,(anonymous_1)
FNDA:0,(anonymous_2)
FNDA:0,(anonymous_3)
FNDA:0,(anonymous_4)
FNDA:0,(anonymous_5)
FNDA:0,(anonymous_6)
FNDA:0,(anonymous_7)
FNDA:0,(anonymous_8)
FNDA:0,(anonymous_9)
FNDA:0,(anonymous_10)
FNDA:0,(anonymous_11)
FNDA:0,(anonymous_12)
FNDA:0,(anonymous_13)
FNDA:0,(anonymous_14)
FNDA:0,(anonymous_15)
FNDA:0,(anonymous_16)
FNDA:0,(anonymous_17)
FNDA:0,(anonymous_18)
FNDA:0,(anonymous_19)
FNDA:0,(anonymous_20)
FNDA:0,(anonymous_21)
FNDA:0,(anonymous_22)
FNDA:0,(anonymous_23)
FNDA:0,(anonymous_24)
DA:12,0
DA:13,0
DA:14,0
DA:21,0
DA:22,0
DA:24,0
DA:25,0
DA:33,0
DA:51,0
DA:52,0
DA:53,0
DA:55,0
DA:74,0
DA:88,0
DA:95,0
DA:96,0
DA:98,0
DA:105,0
DA:106,0
DA:107,0
DA:110,0
DA:111,0
DA:114,0
DA:115,0
DA:118,0
DA:125,0
DA:126,0
DA:127,0
DA:128,0
DA:131,0
DA:134,0
DA:141,0
DA:148,0
DA:149,0
DA:150,0
DA:154,0
DA:161,0
DA:168,0
DA:175,0
DA:176,0
DA:177,0
DA:180,0
DA:187,0
DA:189,0
DA:190,0
DA:193,0
DA:194,0
DA:197,0
DA:198,0
DA:201,0
DA:202,0
DA:205,0
DA:212,0
DA:213,0
DA:214,0
DA:217,0
DA:218,0
DA:219,0
DA:220,0
DA:222,0
DA:223,0
DA:224,0
DA:225,0
DA:229,0
DA:230,0
DA:231,0
DA:234,0
DA:235,0
DA:236,0
DA:239,0
DA:240,0
DA:243,0
DA:244,0
DA:245,0
DA:247,0
DA:250,0
DA:251,0
DA:258,0
DA:259,0
DA:266,0
DA:267,0
DA:268,0
DA:271,0
DA:272,0
DA:273,0
DA:275,0
DA:276,0
DA:283,0
DA:284,0
DA:286,0
DA:287,0
DA:290,0
DA:291,0
DA:298,0
DA:299,0
DA:301,0
DA:302,0
DA:303,0
DA:306,0
DA:307,0
DA:308,0
DA:315,0
DA:316,0
DA:326,0
DA:327,0
DA:334,0
DA:344,0
DA:345,0
DA:347,0
DA:348,0
DA:350,0
DA:351,0
DA:354,0
DA:355,0
LF:114
LH:0
BRDA:27,0,0,0
BRDA:27,0,1,0
BRDA:28,1,0,0
BRDA:28,1,1,0
BRDA:29,2,0,0
BRDA:29,2,1,0
BRDA:43,3,0,0
BRDA:44,4,0,0
BRDA:45,5,0,0
BRDA:46,6,0,0
BRDA:47,7,0,0
BRDA:48,8,0,0
BRDA:49,9,0,0
BRDA:104,10,0,0
BRDA:106,11,0,0
BRDA:106,11,1,0
BRDA:114,12,0,0
BRDA:114,12,1,0
BRDA:147,13,0,0
BRDA:149,14,0,0
BRDA:149,14,1,0
BRDA:168,15,0,0
BRDA:168,15,1,0
BRDA:176,16,0,0
BRDA:176,16,1,0
BRDA:186,17,0,0
BRDA:189,18,0,0
BRDA:189,18,1,0
BRDA:193,19,0,0
BRDA:193,19,1,0
BRDA:197,20,0,0
BRDA:197,20,1,0
BRDA:201,21,0,0
BRDA:201,21,1,0
BRDA:213,22,0,0
BRDA:213,22,1,0
BRDA:223,23,0,0
BRDA:223,23,1,0
BRDA:229,24,0,0
BRDA:229,24,1,0
BRDA:234,25,0,0
BRDA:234,25,1,0
BRDA:239,26,0,0
BRDA:239,26,1,0
BRDA:253,27,0,0
BRDA:253,27,1,0
BRDA:254,28,0,0
BRDA:254,28,1,0
BRDA:255,29,0,0
BRDA:255,29,1,0
BRDA:267,30,0,0
BRDA:267,30,1,0
BRDA:284,31,0,0
BRDA:284,31,1,0
BRDA:299,32,0,0
BRDA:299,32,1,0
BRDA:314,33,0,0
BRDA:325,34,0,0
BRDA:354,35,0,0
BRDA:354,35,1,0
BRF:60
BRH:0
end_of_record
TN:
SF:src/database/db.js
FN:19,initDatabase
FN:62,getDatabase
FN:72,closeDatabase
FN:83,initializeDefaultSettings
FN:107,runMigrations
FNF:5
FNH:0
FNDA:0,initDatabase
FNDA:0,getDatabase
FNDA:0,closeDatabase
FNDA:0,initializeDefaultSettings
FNDA:0,runMigrations
DA:11,1
DA:12,1
DA:14,1
DA:20,0
DA:22,0
DA:23,0
DA:24,0
DA:28,0
DA:31,0
DA:34,0
DA:37,0
DA:38,0
DA:39,0
DA:43,0
DA:44,0
DA:46,0
DA:49,0
DA:51,0
DA:52,0
DA:54,0
DA:55,0
DA:63,0
DA:64,0
DA:66,0
DA:73,0
DA:74,0
DA:75,0
DA:76,0
DA:84,0
DA:93,0
DA:98,0
DA:99,0
DA:100,0
DA:109,0
DA:111,0
DA:112,0
DA:113,0
DA:114,0
DA:116,0
LF:39
LH:3
BRDA:19,0,0,0
BRDA:19,1,0,0
BRDA:19,1,1,0
BRDA:23,2,0,0
BRDA:23,2,1,0
BRDA:63,3,0,0
BRDA:63,3,1,0
BRDA:73,4,0,0
BRDA:73,4,1,0
BRF:9
BRH:0
end_of_record
TN:
SF:src/database/migrationRunner.js
FN:14,(anonymous_0)
FN:24,(anonymous_1)
FN:38,(anonymous_2)
FN:40,(anonymous_3)
FN:46,(anonymous_4)
FN:49,(anonymous_5)
FN:55,(anonymous_6)
FN:64,(anonymous_7)
FN:71,(anonymous_8)
FN:79,(anonymous_9)
FN:86,(anonymous_10)
FN:107,(anonymous_11)
FN:137,(anonymous_12)
FN:161,(anonymous_13)
FN:181,(anonymous_14)
FN:196,(anonymous_15)
FNF:16
FNH:0
FNDA:0,(anonymous_0)
FNDA:0,(anonymous_1)
FNDA:0,(anonymous_2)
FNDA:0,(anonymous_3)
FNDA:0,(anonymous_4)
FNDA:0,(anonymous_5)
FNDA:0,(anonymous_6)
FNDA:0,(anonymous_7)
FNDA:0,(anonymous_8)
FNDA:0,(anonymous_9)
FNDA:0,(anonymous_10)
FNDA:0,(anonymous_11)
FNDA:0,(anonymous_12)
FNDA:0,(anonymous_13)
FNDA:0,(anonymous_14)
FNDA:0,(anonymous_15)
DA:7,0
DA:8,0
DA:15,0
DA:16,0
DA:17,0
DA:18,0
DA:25,0
DA:32,0
DA:39,0
DA:40,0
DA:47,0
DA:48,0
DA:49,0
DA:56,0
DA:57,0
DA:58,0
DA:59,0
DA:62,0
DA:64,0
DA:72,0
DA:73,0
DA:80,0
DA:82,0
DA:83,0
DA:86,0
DA:87,0
DA:88,0
DA:93,0
DA:94,0
DA:96,0
DA:100,0
DA:108,0
DA:110,0
DA:111,0
DA:112,0
DA:115,0
DA:117,0
DA:118,0
DA:120,0
DA:121,0
DA:122,0
DA:123,0
DA:125,0
DA:126,0
DA:127,0
DA:131,0
DA:138,0
DA:140,0
DA:141,0
DA:142,0
DA:145,0
DA:148,0
DA:149,0
DA:151,0
DA:152,0
DA:153,0
DA:156,0
DA:157,0
DA:159,0
DA:161,0
DA:162,0
DA:163,0
DA:168,0
DA:169,0
DA:171,0
DA:174,0
DA:182,0
DA:183,0
DA:185,0
DA:197,0
LF:70
LH:0
BRDA:56,0,0,0
BRDA:56,0,1,0
BRDA:110,1,0,0
BRDA:110,1,1,0
BRDA:140,2,0,0
BRDA:140,2,1,0
BRDA:151,3,0,0
BRDA:151,3,1,0
BRF:8
BRH:0
end_of_record
TN:
SF:src/database/schema.js
FNF:0
FNH:0
DA:6,1
DA:225,1
LF:2
LH:2
BRF:0
BRH:0
end_of_record
TN:
SF:src/middleware/bruteForceProtection.js
FN:16,logAuthEvent
FN:60,isLocked
FN:106,getRemainingLockoutTime
FN:132,recordFailedAttempt
FN:185,resetFailedAttempts
FN:203,bruteForceProtection
FN:232,cleanupOldAuditLogs
FNF:7
FNH:0
FNDA:0,logAuthEvent
FNDA:0,isLocked
FNDA:0,getRemainingLockoutTime
FNDA:0,recordFailedAttempt
FNDA:0,resetFailedAttempts
FNDA:0,bruteForceProtection
FNDA:0,cleanupOldAuditLogs
DA:9,1
DA:10,1
DA:11,1
DA:17,0
DA:27,0
DA:29,0
DA:30,0
DA:46,0
DA:53,0
DA:61,0
DA:62,0
DA:64,0
DA:65,0
DA:71,0
DA:72,0
DA:76,0
DA:77,0
DA:81,0
DA:82,0
DA:83,0
DA:87,0
DA:88,0
DA:93,0
DA:96,0
DA:98,0
DA:99,0
DA:107,0
DA:108,0
DA:110,0
DA:111,0
DA:117,0
DA:118,0
DA:121,0
DA:122,0
DA:124,0
DA:125,0
DA:133,0
DA:134,0
DA:136,0
DA:138,0
DA:144,0
DA:146,0
DA:147,0
DA:150,0
DA:151,0
DA:155,0
DA:156,0
DA:157,0
DA:158,0
DA:165,0
DA:172,0
DA:178,0
DA:186,0
DA:188,0
DA:189,0
DA:194,0
DA:196,0
DA:204,0
DA:206,0
DA:207,0
DA:209,0
DA:219,0
DA:226,0
DA:233,0
DA:234,0
DA:236,0
DA:237,0
DA:242,0
DA:243,0
DA:245,0
DA:246,0
LF:71
LH:3
BRDA:9,0,0,1
BRDA:9,0,1,1
BRDA:10,1,0,1
BRDA:10,1,1,1
BRDA:11,2,0,1
BRDA:11,2,1,1
BRDA:19,3,0,0
BRDA:20,4,0,0
BRDA:22,5,0,0
BRDA:23,6,0,0
BRDA:25,7,0,0
BRDA:26,8,0,0
BRDA:40,9,0,0
BRDA:40,9,1,0
BRDA:42,10,0,0
BRDA:42,10,1,0
BRDA:71,11,0,0
BRDA:71,11,1,0
BRDA:76,12,0,0
BRDA:76,12,1,0
BRDA:76,13,0,0
BRDA:76,13,1,0
BRDA:82,14,0,0
BRDA:82,14,1,0
BRDA:82,15,0,0
BRDA:82,15,1,0
BRDA:87,16,0,0
BRDA:87,16,1,0
BRDA:117,17,0,0
BRDA:117,17,1,0
BRDA:117,18,0,0
BRDA:117,18,1,0
BRDA:144,19,0,0
BRDA:144,19,1,0
BRDA:150,20,0,0
BRDA:150,20,1,0
BRDA:156,21,0,0
BRDA:156,21,1,0
BRDA:204,22,0,0
BRDA:204,22,1,0
BRDA:206,23,0,0
BRDA:206,23,1,0
BRDA:232,24,0,0
BRF:43
BRH:6
end_of_record
TN:
SF:src/middleware/csrf.js
FN:15,(anonymous_0)
FN:25,(anonymous_1)
FN:36,csrfTokenEndpoint
FN:44,csrfErrorHandler
FNF:4
FNH:0
FNDA:0,(anonymous_0)
FNDA:0,(anonymous_1)
FNDA:0,csrfTokenEndpoint
FNDA:0,csrfErrorHandler
DA:14,0
DA:15,0
DA:25,0
DA:31,0
DA:37,0
DA:38,0
DA:45,0
DA:46,0
DA:53,0
DA:58,0
LF:10
LH:0
BRDA:15,0,0,0
BRDA:15,0,1,0
BRDA:15,0,2,0
BRDA:45,1,0,0
BRDA:45,1,1,0
BRDA:45,2,0,0
BRDA:45,2,1,0
BRF:7
BRH:0
end_of_record
TN:
SF:src/middleware/errorHandler.js
FN:8,(anonymous_0)
FN:21,(anonymous_1)
FN:27,(anonymous_2)
FN:33,(anonymous_3)
FN:39,(anonymous_4)
FN:45,(anonymous_5)
FN:51,(anonymous_6)
FN:59,handleZodError
FN:60,(anonymous_8)
FN:75,handleJWTError
FN:85,handleJWTExpiredError
FN:95,handleDatabaseError
FN:122,sendErrorDev
FN:134,sendErrorProd
FN:159,errorHandler
FN:207,notFoundHandler
FN:215,asyncHandler
FN:216,(anonymous_17)
FNF:18
FNH:0
FNDA:0,(anonymous_0)
FNDA:0,(anonymous_1)
FNDA:0,(anonymous_2)
FNDA:0,(anonymous_3)
FNDA:0,(anonymous_4)
FNDA:0,(anonymous_5)
FNDA:0,(anonymous_6)
FNDA:0,handleZodError
FNDA:0,(anonymous_8)
FNDA:0,handleJWTError
FNDA:0,handleJWTExpiredError
FNDA:0,handleDatabaseError
FNDA:0,sendErrorDev
FNDA:0,sendErrorProd
FNDA:0,errorHandler
FNDA:0,notFoundHandler
FNDA:0,asyncHandler
FNDA:0,(anonymous_17)
DA:9,0
DA:10,0
DA:11,0
DA:12,0
DA:13,0
DA:22,0
DA:28,0
DA:34,0
DA:40,0
DA:46,0
DA:52,0
DA:60,0
DA:65,0
DA:76,0
DA:86,0
DA:96,0
DA:99,0
DA:100,0
DA:106,0
DA:107,0
DA:113,0
DA:123,0
DA:136,0
DA:137,0
DA:144,0
DA:149,0
DA:160,0
DA:161,0
DA:164,0
DA:172,0
DA:173,0
DA:175,0
DA:176,0
DA:179,0
DA:180,0
DA:181,0
DA:182,0
DA:185,0
DA:186,0
DA:187,0
DA:190,0
DA:191,0
DA:192,0
DA:195,0
DA:196,0
DA:197,0
DA:200,0
DA:208,0
DA:209,0
DA:216,0
DA:217,0
LF:51
LH:0
BRDA:8,0,0,0
BRDA:8,1,0,0
BRDA:12,2,0,0
BRDA:12,2,1,0
BRDA:27,3,0,0
BRDA:33,4,0,0
BRDA:39,5,0,0
BRDA:51,6,0,0
BRDA:99,7,0,0
BRDA:99,7,1,0
BRDA:106,8,0,0
BRDA:106,8,1,0
BRDA:136,9,0,0
BRDA:136,9,1,0
BRDA:140,10,0,0
BRDA:140,10,1,0
BRDA:160,11,0,0
BRDA:160,11,1,0
BRDA:161,12,0,0
BRDA:161,12,1,0
BRDA:169,13,0,0
BRDA:169,13,1,0
BRDA:172,14,0,0
BRDA:172,14,1,0
BRDA:179,15,0,0
BRDA:179,15,1,0
BRDA:185,16,0,0
BRDA:185,16,1,0
BRDA:190,17,0,0
BRDA:190,17,1,0
BRDA:195,18,0,0
BRDA:195,18,1,0
BRDA:195,19,0,0
BRDA:195,19,1,0
BRF:34
BRH:0
end_of_record
TN:
SF:src/middleware/rateLimiting.js
FN:12,generateKey
FN:25,rateLimitHandler
FN:53,(anonymous_2)
FN:67,(anonymous_3)
FN:84,(anonymous_4)
FNF:5
FNH:0
FNDA:0,generateKey
FNDA:0,rateLimitHandler
FNDA:0,(anonymous_2)
FNDA:0,(anonymous_3)
FNDA:0,(anonymous_4)
DA:14,0
DA:15,0
DA:19,0
DA:26,0
DA:28,0
DA:36,0
DA:46,0
DA:55,0
DA:62,0
DA:69,0
DA:79,0
DA:85,0
DA:87,0
DA:88,0
DA:90,0
DA:92,0
DA:100,0
DA:112,0
LF:18
LH:0
BRDA:14,0,0,0
BRDA:14,0,1,0
BRDA:14,1,0,0
BRDA:14,1,1,0
BRDA:19,2,0,0
BRDA:19,2,1,0
BRDA:26,3,0,0
BRDA:26,3,1,0
BRDA:47,4,0,0
BRDA:47,4,1,0
BRDA:48,5,0,0
BRDA:48,5,1,0
BRDA:55,6,0,0
BRDA:55,6,1,0
BRDA:85,7,0,0
BRDA:85,7,1,0
BRDA:85,8,0,0
BRDA:85,8,1,0
BRDA:87,9,0,0
BRDA:87,9,1,0
BRF:20
BRH:0
end_of_record
TN:
SF:src/middleware/requestLogger.js
FN:6,requestLogger
FN:19,(anonymous_1)
FNF:2
FNH:0
FNDA:0,requestLogger
FNDA:0,(anonymous_1)
DA:7,0
DA:10,0
DA:18,0
DA:19,0
DA:20,0
DA:22,0
DA:30,0
DA:33,0
LF:8
LH:0
BRF:0
BRH:0
end_of_record
TN:
SF:src/middleware/security.js
FN:10,httpsRedirect
FN:34,hstsMiddleware
FN:46,securityHeaders
FN:68,contentSecurityPolicy
FN:84,(anonymous_4)
FN:94,securityMiddleware
FN:95,(anonymous_6)
FN:96,(anonymous_7)
FN:97,(anonymous_8)
FNF:9
FNH:0
FNDA:0,httpsRedirect
FNDA:0,hstsMiddleware
FNDA:0,securityHeaders
FNDA:0,contentSecurityPolicy
FNDA:0,(anonymous_4)
FNDA:0,securityMiddleware
FNDA:0,(anonymous_6)
FNDA:0,(anonymous_7)
FNDA:0,(anonymous_8)
DA:12,0
DA:13,0
DA:17,0
DA:18,0
DA:22,0
DA:23,0
DA:24,0
DA:25,0
DA:28,0
DA:35,0
DA:37,0
DA:38,0
DA:40,0
DA:48,0
DA:51,0
DA:54,0
DA:57,0
DA:60,0
DA:62,0
DA:70,0
DA:83,0
DA:84,0
DA:87,0
DA:88,0
DA:95,0
DA:96,0
DA:97,0
DA:98,0
LF:28
LH:0
BRDA:12,0,0,0
BRDA:12,0,1,0
BRDA:17,1,0,0
BRDA:17,1,1,0
BRDA:17,2,0,0
BRDA:17,2,1,0
BRDA:22,3,0,0
BRDA:22,3,1,0
BRDA:35,4,0,0
BRDA:35,4,1,0
BRDA:35,5,0,0
BRDA:35,5,1,0
BRF:12
BRH:0
end_of_record
TN:
SF:src/middleware/validate.js
FN:9,validate
FN:10,(anonymous_1)
FN:18,(anonymous_2)
FN:39,validateMultiple
FN:40,(anonymous_4)
FN:52,(anonymous_5)
FNF:6
FNH:0
FNDA:0,validate
FNDA:0,(anonymous_1)
FNDA:0,(anonymous_2)
FNDA:0,validateMultiple
FNDA:0,(anonymous_4)
FNDA:0,(anonymous_5)
DA:10,0
DA:11,0
DA:12,0
DA:13,0
DA:14,0
DA:15,0
DA:17,0
DA:18,0
DA:24,0
DA:30,0
DA:40,0
DA:41,0
DA:42,0
DA:44,0
DA:45,0
DA:46,0
DA:47,0
DA:48,0
DA:50,0
DA:51,0
DA:52,0
DA:64,0
DA:65,0
DA:72,0
DA:74,0
LF:25
LH:0
BRDA:9,0,0,0
BRDA:17,1,0,0
BRDA:17,1,1,0
BRDA:45,2,0,0
BRDA:45,2,1,0
BRDA:45,3,0,0
BRDA:45,3,1,0
BRDA:50,4,0,0
BRDA:50,4,1,0
BRDA:64,5,0,0
BRDA:64,5,1,0
BRF:11
BRH:0
end_of_record
TN:
SF:src/protocols/matter.js
FN:14,(anonymous_0)
FN:45,(anonymous_1)
FN:74,(anonymous_2)
FN:85,(anonymous_3)
FN:107,(anonymous_4)
FN:117,(anonymous_5)
FN:125,(anonymous_6)
FN:134,(anonymous_7)
FN:143,(anonymous_8)
FN:175,(anonymous_9)
FN:198,(anonymous_10)
FN:216,(anonymous_11)
FN:279,(anonymous_12)
FN:293,(anonymous_13)
FN:308,(anonymous_14)
FNF:15
FNH:0
FNDA:0,(anonymous_0)
FNDA:0,(anonymous_1)
FNDA:0,(anonymous_2)
FNDA:0,(anonymous_3)
FNDA:0,(anonymous_4)
FNDA:0,(anonymous_5)
FNDA:0,(anonymous_6)
FNDA:0,(anonymous_7)
FNDA:0,(anonymous_8)
FNDA:0,(anonymous_9)
FNDA:0,(anonymous_10)
FNDA:0,(anonymous_11)
FNDA:0,(anonymous_12)
FNDA:0,(anonymous_13)
FNDA:0,(anonymous_14)
DA:15,0
DA:16,0
DA:17,0
DA:18,0
DA:19,0
DA:22,0
DA:23,0
DA:24,0
DA:27,0
DA:39,0
DA:46,0
DA:47,0
DA:48,0
DA:51,0
DA:52,0
DA:53,0
DA:58,0
DA:60,0
DA:61,0
DA:63,0
DA:65,0
DA:67,0
DA:75,0
DA:77,0
DA:78,0
DA:86,0
DA:87,0
DA:90,0
DA:91,0
DA:92,0
DA:95,0
DA:96,0
DA:98,0
DA:107,0
DA:108,0
DA:111,0
DA:118,0
DA:119,0
DA:128,0
DA:136,0
DA:137,0
DA:144,0
DA:145,0
DA:154,0
DA:162,0
DA:163,0
DA:165,0
DA:167,0
DA:168,0
DA:176,0
DA:178,0
DA:191,0
DA:192,0
DA:199,0
DA:210,0
DA:217,0
DA:220,0
DA:222,0
DA:226,0
DA:228,0
DA:230,0
DA:232,0
DA:233,0
DA:236,0
DA:237,0
DA:240,0
DA:241,0
DA:244,0
DA:245,0
DA:248,0
DA:249,0
DA:252,0
DA:253,0
DA:256,0
DA:257,0
DA:260,0
DA:261,0
DA:264,0
DA:265,0
DA:268,0
DA:269,0
DA:271,0
DA:272,0
DA:280,0
DA:281,0
DA:282,0
DA:286,0
DA:287,0
DA:294,0
DA:309,0
DA:312,0
LF:91
LH:0
BRDA:23,0,0,0
BRDA:23,0,1,0
BRDA:28,1,0,0
BRDA:28,1,1,0
BRDA:29,2,0,0
BRDA:29,2,1,0
BRDA:30,3,0,0
BRDA:30,3,1,0
BRDA:31,4,0,0
BRDA:31,4,1,0
BRDA:32,5,0,0
BRDA:32,5,1,0
BRDA:46,6,0,0
BRDA:46,6,1,0
BRDA:75,7,0,0
BRDA:75,7,1,0
BRDA:85,8,0,0
BRDA:86,9,0,0
BRDA:86,9,1,0
BRDA:143,10,0,0
BRDA:155,11,0,0
BRDA:155,11,1,0
BRDA:156,12,0,0
BRDA:156,12,1,0
BRDA:157,13,0,0
BRDA:157,13,1,0
BRDA:158,14,0,0
BRDA:158,14,1,0
BRDA:210,15,0,0
BRDA:210,15,1,0
BRDA:220,16,0,0
BRDA:220,16,1,0
BRDA:230,17,0,0
BRDA:230,17,1,0
BRDA:230,17,2,0
BRDA:230,17,3,0
BRDA:230,17,4,0
BRDA:230,17,5,0
BRDA:230,17,6,0
BRDA:230,17,7,0
BRDA:230,17,8,0
BRDA:240,18,0,0
BRDA:240,18,1,0
BRDA:281,19,0,0
BRDA:281,19,1,0
BRDA:281,20,0,0
BRDA:281,20,1,0
BRF:47
BRH:0
end_of_record
TN:
SF:src/protocols/zigbee.js
FN:12,(anonymous_0)
FN:38,(anonymous_1)
FN:51,(anonymous_2)
FN:88,(anonymous_3)
FN:99,(anonymous_4)
FN:116,(anonymous_5)
FN:129,(anonymous_6)
FN:142,(anonymous_7)
FN:158,(anonymous_8)
FN:166,(anonymous_9)
FN:177,(anonymous_10)
FN:188,(anonymous_11)
FN:207,(anonymous_12)
FN:263,(anonymous_13)
FN:291,(anonymous_14)
FN:317,(anonymous_15)
FN:333,(anonymous_16)
FN:392,(anonymous_17)
FNF:18
FNH:0
FNDA:0,(anonymous_0)
FNDA:0,(anonymous_1)
FNDA:0,(anonymous_2)
FNDA:0,(anonymous_3)
FNDA:0,(anonymous_4)
FNDA:0,(anonymous_5)
FNDA:0,(anonymous_6)
FNDA:0,(anonymous_7)
FNDA:0,(anonymous_8)
FNDA:0,(anonymous_9)
FNDA:0,(anonymous_10)
FNDA:0,(anonymous_11)
FNDA:0,(anonymous_12)
FNDA:0,(anonymous_13)
FNDA:0,(anonymous_14)
FNDA:0,(anonymous_15)
FNDA:0,(anonymous_16)
FNDA:0,(anonymous_17)
DA:13,0
DA:14,0
DA:15,0
DA:16,0
DA:17,0
DA:20,0
DA:21,0
DA:22,0
DA:25,0
DA:39,0
DA:40,0
DA:45,0
DA:52,0
DA:53,0
DA:54,0
DA:57,0
DA:58,0
DA:59,0
DA:61,0
DA:64,0
DA:65,0
DA:66,0
DA:67,0
DA:70,0
DA:71,0
DA:73,0
DA:76,0
DA:78,0
DA:80,0
DA:81,0
DA:89,0
DA:90,0
DA:91,0
DA:92,0
DA:100,0
DA:101,0
DA:103,0
DA:104,0
DA:106,0
DA:107,0
DA:108,0
DA:117,0
DA:118,0
DA:121,0
DA:122,0
DA:125,0
DA:126,0
DA:129,0
DA:130,0
DA:131,0
DA:132,0
DA:135,0
DA:136,0
DA:143,0
DA:145,0
DA:146,0
DA:147,0
DA:150,0
DA:151,0
DA:152,0
DA:159,0
DA:160,0
DA:167,0
DA:168,0
DA:169,0
DA:170,0
DA:178,0
DA:179,0
DA:180,0
DA:181,0
DA:189,0
DA:192,0
DA:194,0
DA:195,0
DA:198,0
DA:199,0
DA:200,0
DA:208,0
DA:210,0
DA:212,0
DA:213,0
DA:215,0
DA:218,0
DA:219,0
DA:221,0
DA:224,0
DA:225,0
DA:227,0
DA:228,0
DA:230,0
DA:233,0
DA:234,0
DA:236,0
DA:239,0
DA:240,0
DA:242,0
DA:245,0
DA:246,0
DA:248,0
DA:251,0
DA:252,0
DA:254,0
DA:257,0
DA:264,0
DA:265,0
DA:267,0
DA:283,0
DA:284,0
DA:285,0
DA:292,0
DA:293,0
DA:295,0
DA:296,0
DA:301,0
DA:302,0
DA:303,0
DA:304,0
DA:305,0
DA:306,0
DA:307,0
DA:308,0
DA:311,0
DA:318,0
DA:319,0
DA:320,0
DA:321,0
DA:322,0
DA:323,0
DA:324,0
DA:325,0
DA:327,0
DA:334,0
DA:337,0
DA:339,0
DA:340,0
DA:341,0
DA:342,0
DA:345,0
DA:347,0
DA:349,0
DA:350,0
DA:351,0
DA:354,0
DA:355,0
DA:356,0
DA:359,0
DA:360,0
DA:361,0
DA:362,0
DA:365,0
DA:366,0
DA:367,0
DA:368,0
DA:371,0
DA:375,0
DA:376,0
DA:379,0
DA:382,0
DA:384,0
DA:385,0
DA:393,0
DA:394,0
DA:395,0
DA:396,0
LF:164
LH:0
BRDA:21,0,0,0
BRDA:21,0,1,0
BRDA:27,1,0,0
BRDA:27,1,1,0
BRDA:28,2,0,0
BRDA:28,2,1,0
BRDA:33,3,0,0
BRDA:33,3,1,0
BRDA:34,4,0,0
BRDA:34,4,1,0
BRDA:52,5,0,0
BRDA:52,5,1,0
BRDA:89,6,0,0
BRDA:89,6,1,0
BRDA:104,7,0,0
BRDA:104,7,1,0
BRDA:107,8,0,0
BRDA:107,8,1,0
BRDA:116,9,0,0
BRDA:117,10,0,0
BRDA:117,10,1,0
BRDA:125,11,0,0
BRDA:125,11,1,0
BRDA:143,12,0,0
BRDA:143,12,1,0
BRDA:145,13,0,0
BRDA:145,13,1,0
BRDA:169,14,0,0
BRDA:169,14,1,0
BRDA:180,15,0,0
BRDA:180,15,1,0
BRDA:192,16,0,0
BRDA:192,16,1,0
BRDA:195,17,0,0
BRDA:195,17,1,0
BRDA:199,18,0,0
BRDA:199,18,1,0
BRDA:199,19,0,0
BRDA:199,19,1,0
BRDA:210,20,0,0
BRDA:210,20,1,0
BRDA:210,20,2,0
BRDA:210,20,3,0
BRDA:210,20,4,0
BRDA:210,20,5,0
BRDA:210,20,6,0
BRDA:212,21,0,0
BRDA:212,21,1,0
BRDA:213,22,0,0
BRDA:213,22,1,0
BRDA:218,23,0,0
BRDA:218,23,1,0
BRDA:224,24,0,0
BRDA:224,24,1,0
BRDA:227,25,0,0
BRDA:227,25,1,0
BRDA:227,26,0,0
BRDA:227,26,1,0
BRDA:233,27,0,0
BRDA:233,27,1,0
BRDA:239,28,0,0
BRDA:239,28,1,0
BRDA:245,29,0,0
BRDA:245,29,1,0
BRDA:251,30,0,0
BRDA:251,30,1,0
BRDA:268,31,0,0
BRDA:268,31,1,0
BRDA:293,32,0,0
BRDA:293,32,1,0
BRDA:297,33,0,0
BRDA:297,33,1,0
BRDA:298,34,0,0
BRDA:298,34,1,0
BRDA:301,35,0,0
BRDA:301,35,1,0
BRDA:302,36,0,0
BRDA:302,36,1,0
BRDA:303,37,0,0
BRDA:303,37,1,0
BRDA:304,38,0,0
BRDA:304,38,1,0
BRDA:305,39,0,0
BRDA:305,39,1,0
BRDA:306,40,0,0
BRDA:306,40,1,0
BRDA:307,41,0,0
BRDA:307,41,1,0
BRDA:308,42,0,0
BRDA:308,42,1,0
BRDA:318,43,0,0
BRDA:318,43,1,0
BRDA:318,44,0,0
BRDA:318,44,1,0
BRDA:320,45,0,0
BRDA:320,45,1,0
BRDA:322,46,0,0
BRDA:322,46,1,0
BRDA:322,47,0,0
BRDA:322,47,1,0
BRDA:324,48,0,0
BRDA:324,48,1,0
BRDA:337,49,0,0
BRDA:337,49,1,0
BRDA:341,50,0,0
BRDA:341,50,1,0
BRDA:347,51,0,0
BRDA:347,51,1,0
BRDA:347,51,2,0
BRDA:347,51,3,0
BRDA:347,51,4,0
BRDA:347,51,5,0
BRDA:360,52,0,0
BRDA:360,52,1,0
BRDA:394,53,0,0
BRDA:394,53,1,0
BRF:116
BRH:0
end_of_record
TN:
SF:src/utils/config.js
FN:11,loadConfig
FN:117,validateConfig
FNF:2
FNH:0
FNDA:0,loadConfig
FNDA:0,validateConfig
DA:5,0
DA:6,0
DA:12,0
DA:15,0
DA:16,0
DA:19,0
DA:20,0
DA:24,0
DA:29,0
DA:118,0
DA:120,0
DA:121,0
DA:124,0
DA:125,0
DA:128,0
DA:129,0
DA:132,0
DA:133,0
DA:136,0
DA:137,0
LF:20
LH:0
BRDA:12,0,0,0
BRDA:12,0,1,0
BRDA:31,1,0,0
BRDA:31,1,1,0
BRDA:32,2,0,0
BRDA:32,2,1,0
BRDA:33,3,0,0
BRDA:33,3,1,0
BRDA:36,4,0,0
BRDA:36,4,1,0
BRDA:39,5,0,0
BRDA:39,5,1,0
BRDA:40,6,0,0
BRDA:40,6,1,0
BRDA:41,7,0,0
BRDA:41,7,1,0
BRDA:44,8,0,0
BRDA:44,8,1,0
BRDA:47,9,0,0
BRDA:47,9,1,0
BRDA:48,10,0,0
BRDA:48,10,1,0
BRDA:51,11,0,0
BRDA:51,11,1,0
BRDA:54,12,0,0
BRDA:54,12,1,0
BRDA:55,13,0,0
BRDA:55,13,1,0
BRDA:61,14,0,0
BRDA:61,14,1,0
BRDA:80,15,0,0
BRDA:80,15,1,0
BRDA:81,16,0,0
BRDA:81,16,1,0
BRDA:82,17,0,0
BRDA:82,17,1,0
BRDA:83,18,0,0
BRDA:83,18,1,0
BRDA:89,19,0,0
BRDA:89,19,1,0
BRDA:90,20,0,0
BRDA:90,20,1,0
BRDA:91,21,0,0
BRDA:91,21,1,0
BRDA:97,22,0,0
BRDA:97,22,1,0
BRDA:103,23,0,0
BRDA:103,23,1,0
BRDA:104,24,0,0
BRDA:104,24,1,0
BRDA:120,25,0,0
BRDA:120,25,1,0
BRDA:120,26,0,0
BRDA:120,26,1,0
BRDA:124,27,0,0
BRDA:124,27,1,0
BRDA:124,28,0,0
BRDA:124,28,1,0
BRDA:128,29,0,0
BRDA:128,29,1,0
BRDA:128,30,0,0
BRDA:128,30,1,0
BRDA:132,31,0,0
BRDA:132,31,1,0
BRDA:132,32,0,0
BRDA:132,32,1,0
BRDA:136,33,0,0
BRDA:136,33,1,0
BRF:68
BRH:0
end_of_record
TN:
SF:src/utils/logger.js
FN:24,(anonymous_0)
FN:105,(anonymous_1)
FN:111,(anonymous_2)
FN:112,(anonymous_3)
FN:113,(anonymous_4)
FN:114,(anonymous_5)
FN:115,(anonymous_6)
FN:116,(anonymous_7)
FN:117,(anonymous_8)
FNF:9
FNH:0
FNDA:0,(anonymous_0)
FNDA:0,(anonymous_1)
FNDA:0,(anonymous_2)
FNDA:0,(anonymous_3)
FNDA:0,(anonymous_4)
FNDA:0,(anonymous_5)
FNDA:0,(anonymous_6)
FNDA:0,(anonymous_7)
FNDA:0,(anonymous_8)
DA:6,1
DA:7,1
DA:10,1
DA:13,1
DA:21,1
DA:25,0
DA:26,0
DA:27,0
DA:29,0
DA:34,1
DA:44,1
DA:54,1
DA:63,1
DA:91,1
DA:92,1
DA:100,1
DA:101,1
DA:105,1
DA:106,0
DA:110,1
DA:111,0
DA:112,0
DA:113,0
DA:114,0
DA:115,0
DA:116,0
DA:117,0
LF:27
LH:15
BRDA:26,0,0,0
BRDA:26,0,1,0
BRDA:64,1,0,1
BRDA:64,1,1,1
BRDA:91,2,0,1
BRDA:91,2,1,0
BRDA:100,3,0,1
BRDA:100,3,1,0
BRDA:111,4,0,0
BRDA:112,5,0,0
BRDA:113,6,0,0
BRDA:114,7,0,0
BRDA:115,8,0,0
BRDA:116,9,0,0
BRDA:117,10,0,0
BRF:15
BRH:4
end_of_record
TN:
SF:src/utils/metrics.js
FN:100,metricsMiddleware
FN:103,(anonymous_1)
FNF:2
FNH:0
FNDA:0,metricsMiddleware
FNDA:0,(anonymous_1)
DA:4,0
DA:7,0
DA:10,0
DA:18,0
DA:25,0
DA:31,0
DA:38,0
DA:45,0
DA:53,0
DA:60,0
DA:67,0
DA:75,0
DA:83,0
DA:90,0
DA:101,0
DA:103,0
DA:104,0
DA:105,0
DA:107,0
DA:111,0
DA:116,0
LF:21
LH:0
BRDA:105,0,0,0
BRDA:105,0,1,0
BRF:2
BRH:0
end_of_record
TN:
SF:src/validation/schemas.js
FNF:0
FNH:0
DA:6,0
DA:14,0
DA:19,0
DA:30,0
DA:35,0
DA:40,0
DA:50,0
DA:60,0
DA:70,0
DA:79,0
DA:88,0
DA:95,0
DA:101,0
DA:108,0
DA:118,0
DA:124,0
DA:133,0
DA:139,0
DA:148,0
DA:152,0
DA:159,0
DA:163,0
DA:169,0
DA:177,0
DA:187,0
DA:191,0
LF:26
LH:0
BRF:0
BRH:0
end_of_record
TN:
SF:src/voice/voiceControl.js
FN:11,(anonymous_0)
FN:33,(anonymous_1)
FN:58,(anonymous_2)
FN:79,(anonymous_3)
FN:90,(anonymous_4)
FN:101,(anonymous_5)
FN:112,(anonymous_6)
FN:122,(anonymous_7)
FN:133,(anonymous_8)
FN:158,(anonymous_9)
FN:211,(anonymous_10)
FN:227,(anonymous_11)
FN:233,(anonymous_12)
FN:272,(anonymous_13)
FN:277,(anonymous_14)
FN:305,(anonymous_15)
FN:315,(anonymous_16)
FN:337,(anonymous_17)
FN:365,(anonymous_18)
FN:379,(anonymous_19)
FN:392,(anonymous_20)
FN:412,(anonymous_21)
FN:413,(anonymous_22)
FNF:23
FNH:0
FNDA:0,(anonymous_0)
FNDA:0,(anonymous_1)
FNDA:0,(anonymous_2)
FNDA:0,(anonymous_3)
FNDA:0,(anonymous_4)
FNDA:0,(anonymous_5)
FNDA:0,(anonymous_6)
FNDA:0,(anonymous_7)
FNDA:0,(anonymous_8)
FNDA:0,(anonymous_9)
FNDA:0,(anonymous_10)
FNDA:0,(anonymous_11)
FNDA:0,(anonymous_12)
FNDA:0,(anonymous_13)
FNDA:0,(anonymous_14)
FNDA:0,(anonymous_15)
FNDA:0,(anonymous_16)
FNDA:0,(anonymous_17)
FNDA:0,(anonymous_18)
FNDA:0,(anonymous_19)
FNDA:0,(anonymous_20)
FNDA:0,(anonymous_21)
FNDA:0,(anonymous_22)
DA:12,0
DA:13,0
DA:14,0
DA:15,0
DA:16,0
DA:17,0
DA:18,0
DA:19,0
DA:21,0
DA:34,0
DA:35,0
DA:43,0
DA:44,0
DA:45,0
DA:46,0
DA:48,0
DA:50,0
DA:51,0
DA:59,0
DA:60,0
DA:63,0
DA:64,0
DA:65,0
DA:68,0
DA:69,0
DA:70,0
DA:80,0
DA:82,0
DA:83,0
DA:84,0
DA:91,0
DA:92,0
DA:95,0
DA:102,0
DA:108,0
DA:109,0
DA:112,0
DA:113,0
DA:114,0
DA:123,0
DA:125,0
DA:126,0
DA:127,0
DA:134,0
DA:135,0
DA:136,0
DA:139,0
DA:140,0
DA:143,0
DA:144,0
DA:146,0
DA:147,0
DA:156,0
DA:157,0
DA:158,0
DA:167,0
DA:171,0
DA:173,0
DA:174,0
DA:177,0
DA:178,0
DA:181,0
DA:182,0
DA:185,0
DA:189,0
DA:192,0
DA:194,0
DA:196,0
DA:197,0
DA:199,0
DA:220,0
DA:221,0
DA:228,0
DA:229,0
DA:232,0
DA:233,0
DA:234,0
DA:237,0
DA:238,0
DA:242,0
DA:244,0
DA:246,0
DA:247,0
DA:249,0
DA:250,0
DA:252,0
DA:253,0
DA:254,0
DA:256,0
DA:260,0
DA:262,0
DA:264,0
DA:265,0
DA:273,0
DA:274,0
DA:276,0
DA:277,0
DA:278,0
DA:281,0
DA:282,0
DA:285,0
DA:287,0
DA:288,0
DA:289,0
DA:290,0
DA:291,0
DA:292,0
DA:294,0
DA:297,0
DA:298,0
DA:306,0
DA:308,0
DA:309,0
DA:310,0
DA:314,0
DA:315,0
DA:316,0
DA:319,0
DA:320,0
DA:324,0
DA:327,0
DA:329,0
DA:330,0
DA:338,0
DA:341,0
DA:346,0
DA:354,0
DA:355,0
DA:358,0
DA:359,0
DA:372,0
DA:373,0
DA:380,0
DA:381,0
DA:393,0
DA:395,0
DA:403,0
DA:407,0
DA:411,0
DA:412,0
DA:413,0
DA:414,0
DA:419,0
DA:420,0
DA:421,0
DA:425,0
LF:146
LH:0
BRDA:22,0,0,0
BRDA:22,0,1,0
BRDA:23,1,0,0
BRDA:23,1,1,0
BRDA:59,2,0,0
BRDA:59,2,1,0
BRDA:63,3,0,0
BRDA:63,3,1,0
BRDA:80,4,0,0
BRDA:80,4,1,0
BRDA:113,5,0,0
BRDA:113,5,1,0
BRDA:113,6,0,0
BRDA:113,6,1,0
BRDA:122,7,0,0
BRDA:123,8,0,0
BRDA:123,8,1,0
BRDA:135,9,0,0
BRDA:135,9,1,0
BRDA:146,10,0,0
BRDA:146,10,1,0
BRDA:146,11,0,0
BRDA:146,11,1,0
BRDA:171,12,0,0
BRDA:171,12,1,0
BRDA:171,12,2,0
BRDA:171,12,3,0
BRDA:185,13,0,0
BRDA:185,13,1,0
BRDA:237,14,0,0
BRDA:237,14,1,0
BRDA:244,15,0,0
BRDA:244,15,1,0
BRDA:244,15,2,0
BRDA:244,15,3,0
BRDA:262,16,0,0
BRDA:262,16,1,0
BRDA:262,17,0,0
BRDA:262,17,1,0
BRDA:281,18,0,0
BRDA:281,18,1,0
BRDA:287,19,0,0
BRDA:287,19,1,0
BRDA:288,20,0,0
BRDA:288,20,1,0
BRDA:289,21,0,0
BRDA:289,21,1,0
BRDA:291,22,0,0
BRDA:291,22,1,0
BRDA:308,23,0,0
BRDA:308,23,1,0
BRDA:308,24,0,0
BRDA:308,24,1,0
BRDA:308,24,2,0
BRDA:319,25,0,0
BRDA:319,25,1,0
BRDA:337,26,0,0
BRDA:344,27,0,0
BRDA:344,27,1,0
BRDA:354,28,0,0
BRDA:354,28,1,0
BRDA:379,29,0,0
BRDA:392,30,0,0
BRDA:403,31,0,0
BRDA:403,31,1,0
BRDA:407,32,0,0
BRDA:407,32,1,0
BRDA:414,33,0,0
BRDA:414,33,1,0
BRDA:420,34,0,0
BRDA:420,34,1,0
BRDA:421,35,0,0
BRDA:421,35,1,0
BRF:73
BRH:0
end_of_record
TN:
SF:src/websocket/websocketServer.js
FN:8,setupWebSocket
FN:19,(anonymous_1)
FN:35,(anonymous_2)
FN:48,(anonymous_3)
FN:53,(anonymous_4)
FN:58,(anonymous_5)
FN:63,(anonymous_6)
FN:68,(anonymous_7)
FN:72,(anonymous_8)
FN:79,(anonymous_9)
FN:84,(anonymous_10)
FN:89,(anonymous_11)
FN:94,(anonymous_12)
FN:99,(anonymous_13)
FN:106,(anonymous_14)
FN:110,(anonymous_15)
FN:115,(anonymous_16)
FN:119,(anonymous_17)
FN:123,(anonymous_18)
FN:130,(anonymous_19)
FN:135,(anonymous_20)
FN:140,(anonymous_21)
FN:145,(anonymous_22)
FN:150,(anonymous_23)
FN:157,(anonymous_24)
FN:163,(anonymous_25)
FN:169,(anonymous_26)
FN:175,(anonymous_27)
FN:181,(anonymous_28)
FN:187,(anonymous_29)
FNF:30
FNH:0
FNDA:0,setupWebSocket
FNDA:0,(anonymous_1)
FNDA:0,(anonymous_2)
FNDA:0,(anonymous_3)
FNDA:0,(anonymous_4)
FNDA:0,(anonymous_5)
FNDA:0,(anonymous_6)
FNDA:0,(anonymous_7)
FNDA:0,(anonymous_8)
FNDA:0,(anonymous_9)
FNDA:0,(anonymous_10)
FNDA:0,(anonymous_11)
FNDA:0,(anonymous_12)
FNDA:0,(anonymous_13)
FNDA:0,(anonymous_14)
FNDA:0,(anonymous_15)
FNDA:0,(anonymous_16)
FNDA:0,(anonymous_17)
FNDA:0,(anonymous_18)
FNDA:0,(anonymous_19)
FNDA:0,(anonymous_20)
FNDA:0,(anonymous_21)
FNDA:0,(anonymous_22)
FNDA:0,(anonymous_23)
FNDA:0,(anonymous_24)
FNDA:0,(anonymous_25)
FNDA:0,(anonymous_26)
FNDA:0,(anonymous_27)
FNDA:0,(anonymous_28)
FNDA:0,(anonymous_29)
DA:9,0
DA:11,0
DA:19,0
DA:20,0
DA:21,0
DA:22,0
DA:23,0
DA:26,0
DA:27,0
DA:28,0
DA:30,0
DA:35,0
DA:36,0
DA:39,0
DA:48,0
DA:49,0
DA:53,0
DA:54,0
DA:58,0
DA:59,0
DA:63,0
DA:64,0
DA:68,0
DA:69,0
DA:72,0
DA:73,0
DA:79,0
DA:80,0
DA:84,0
DA:85,0
DA:89,0
DA:90,0
DA:94,0
DA:95,0
DA:99,0
DA:100,0
DA:106,0
DA:107,0
DA:110,0
DA:111,0
DA:115,0
DA:116,0
DA:119,0
DA:120,0
DA:123,0
DA:124,0
DA:130,0
DA:131,0
DA:135,0
DA:136,0
DA:140,0
DA:141,0
DA:145,0
DA:146,0
DA:150,0
DA:151,0
DA:157,0
DA:158,0
DA:159,0
DA:163,0
DA:164,0
DA:165,0
DA:169,0
DA:170,0
DA:171,0
DA:175,0
DA:176,0
DA:177,0
DA:181,0
DA:182,0
DA:187,0
DA:188,0
DA:192,0
DA:193,0
LF:74
LH:0
BRDA:13,0,0,0
BRDA:13,0,1,0
BRDA:22,1,0,0
BRDA:22,1,1,0
BRDA:170,2,0,0
BRDA:170,2,1,0
BRDA:176,3,0,0
BRDA:176,3,1,0
BRF:8
BRH:0
end_of_record
